This is pdfTeX, Version 3.141592653-2.6-1.40.24 (TeX Live 2022) (preloaded format=pdflatex 2022.9.14)  17 APR 2023 11:09
entering extended mode
 restricted \write18 enabled.
 %&-line parsing enabled.
**main.tex
(./main.tex
LaTeX2e <2022-06-01> patch level 5
L3 programming layer <2022-08-30>
(c:/texlive/2022/texmf-dist/tex/latex/thesis-ekf/thesis-ekf.cls
Document Class: thesis-ekf 2021/08/12 v4.2 Thesis class for Eszterhazy Karoly C
atholic University (Eger, Hungary)
(c:/texlive/2022/texmf-dist/tex/latex/kvoptions/kvoptions.sty
Package: kvoptions 2022-06-15 v3.15 Key value format for package options (HO)

(c:/texlive/2022/texmf-dist/tex/latex/graphics/keyval.sty
Package: keyval 2022/05/29 v1.15 key=value parser (DPC)
\KV@toks@=\toks16
)
(c:/texlive/2022/texmf-dist/tex/generic/ltxcmds/ltxcmds.sty
Package: ltxcmds 2020-05-10 v1.25 LaTeX kernel commands for general use (HO)
)
(c:/texlive/2022/texmf-dist/tex/generic/kvsetkeys/kvsetkeys.sty
Package: kvsetkeys 2019/12/15 v1.18 Key value parser (HO)
))
(c:/texlive/2022/texmf-dist/tex/latex/base/report.cls
Document Class: report 2021/10/04 v1.4n Standard LaTeX document class
(c:/texlive/2022/texmf-dist/tex/latex/base/size12.clo
File: size12.clo 2021/10/04 v1.4n Standard LaTeX file (size option)
)
\c@part=\count185
\c@chapter=\count186
\c@section=\count187
\c@subsection=\count188
\c@subsubsection=\count189
\c@paragraph=\count190
\c@subparagraph=\count191
\c@figure=\count192
\c@table=\count193
\abovecaptionskip=\skip47
\belowcaptionskip=\skip48
\bibindent=\dimen138
)
(c:/texlive/2022/texmf-dist/tex/generic/iftex/iftex.sty
Package: iftex 2022/02/03 v1.0f TeX engine tests
)
(c:/texlive/2022/texmf-dist/tex/latex/cmap/cmap.sty
Package: cmap 2021/02/06 v1.0j CMap support: searchable PDF
)
(c:/texlive/2022/texmf-dist/tex/latex/setspace/setspace.sty
Package: setspace 2011/12/19 v6.7a set line spacing
)
(c:/texlive/2022/texmf-dist/tex/latex/hyperref/hyperref.sty
Package: hyperref 2022-06-20 v7.00s Hypertext links for LaTeX

(c:/texlive/2022/texmf-dist/tex/generic/pdftexcmds/pdftexcmds.sty
Package: pdftexcmds 2020-06-27 v0.33 Utility functions of pdfTeX for LuaTeX (HO
)

(c:/texlive/2022/texmf-dist/tex/generic/infwarerr/infwarerr.sty
Package: infwarerr 2019/12/03 v1.5 Providing info/warning/error messages (HO)
)
Package pdftexcmds Info: \pdf@primitive is available.
Package pdftexcmds Info: \pdf@ifprimitive is available.
Package pdftexcmds Info: \pdfdraftmode found.
)
(c:/texlive/2022/texmf-dist/tex/generic/kvdefinekeys/kvdefinekeys.sty
Package: kvdefinekeys 2019-12-19 v1.6 Define keys (HO)
)
(c:/texlive/2022/texmf-dist/tex/generic/pdfescape/pdfescape.sty
Package: pdfescape 2019/12/09 v1.15 Implements pdfTeX's escape features (HO)
)
(c:/texlive/2022/texmf-dist/tex/latex/hycolor/hycolor.sty
Package: hycolor 2020-01-27 v1.10 Color options for hyperref/bookmark (HO)
)
(c:/texlive/2022/texmf-dist/tex/latex/letltxmacro/letltxmacro.sty
Package: letltxmacro 2019/12/03 v1.6 Let assignment for LaTeX macros (HO)
)
(c:/texlive/2022/texmf-dist/tex/latex/auxhook/auxhook.sty
Package: auxhook 2019-12-17 v1.6 Hooks for auxiliary files (HO)
)
(c:/texlive/2022/texmf-dist/tex/latex/hyperref/nameref.sty
Package: nameref 2022-05-17 v2.50 Cross-referencing by name of section

(c:/texlive/2022/texmf-dist/tex/latex/refcount/refcount.sty
Package: refcount 2019/12/15 v3.6 Data extraction from label references (HO)
)
(c:/texlive/2022/texmf-dist/tex/generic/gettitlestring/gettitlestring.sty
Package: gettitlestring 2019/12/15 v1.6 Cleanup title references (HO)
)
\c@section@level=\count194
)
\@linkdim=\dimen139
\Hy@linkcounter=\count195
\Hy@pagecounter=\count196

(c:/texlive/2022/texmf-dist/tex/latex/hyperref/pd1enc.def
File: pd1enc.def 2022-06-20 v7.00s Hyperref: PDFDocEncoding definition (HO)
Now handling font encoding PD1 ...
... no UTF-8 mapping file for font encoding PD1
)
(c:/texlive/2022/texmf-dist/tex/generic/intcalc/intcalc.sty
Package: intcalc 2019/12/15 v1.3 Expandable calculations with integers (HO)
)
(c:/texlive/2022/texmf-dist/tex/generic/etexcmds/etexcmds.sty
Package: etexcmds 2019/12/15 v1.7 Avoid name clashes with e-TeX commands (HO)
)
\Hy@SavedSpaceFactor=\count197

(c:/texlive/2022/texmf-dist/tex/latex/hyperref/puenc.def
File: puenc.def 2022-06-20 v7.00s Hyperref: PDF Unicode definition (HO)
Now handling font encoding PU ...
... no UTF-8 mapping file for font encoding PU
)
Package hyperref Info: Option `unicode' set `true' on input line 4045.
Package hyperref Info: Option `linktocpage' set `true' on input line 4045.
Package hyperref Info: Option `bookmarksnumbered' set `true' on input line 4045
.
Package hyperref Info: Hyper figures OFF on input line 4162.
Package hyperref Info: Link nesting OFF on input line 4167.
Package hyperref Info: Hyper index ON on input line 4170.
Package hyperref Info: Plain pages OFF on input line 4177.
Package hyperref Info: Backreferencing OFF on input line 4182.
Package hyperref Info: Implicit mode ON; LaTeX internals redefined.
Package hyperref Info: Bookmarks ON on input line 4408.
\c@Hy@tempcnt=\count198

(c:/texlive/2022/texmf-dist/tex/latex/url/url.sty
\Urlmuskip=\muskip16
Package: url 2013/09/16  ver 3.4  Verb mode for urls, etc.
)
LaTeX Info: Redefining \url on input line 4746.
\XeTeXLinkMargin=\dimen140

(c:/texlive/2022/texmf-dist/tex/generic/bitset/bitset.sty
Package: bitset 2019/12/09 v1.3 Handle bit-vector datatype (HO)

(c:/texlive/2022/texmf-dist/tex/generic/bigintcalc/bigintcalc.sty
Package: bigintcalc 2019/12/15 v1.5 Expandable calculations on big integers (HO
)
))
\Fld@menulength=\count199
\Field@Width=\dimen141
\Fld@charsize=\dimen142
Package hyperref Info: Hyper figures OFF on input line 6024.
Package hyperref Info: Link nesting OFF on input line 6029.
Package hyperref Info: Hyper index ON on input line 6032.
Package hyperref Info: backreferencing OFF on input line 6039.
Package hyperref Info: Link coloring OFF on input line 6044.
Package hyperref Info: Link coloring with OCG OFF on input line 6049.
Package hyperref Info: PDF/A mode OFF on input line 6054.

(c:/texlive/2022/texmf-dist/tex/latex/base/atbegshi-ltx.sty
Package: atbegshi-ltx 2021/01/10 v1.0c Emulation of the original atbegshi
package with kernel methods
)
\Hy@abspage=\count266
\c@Item=\count267
\c@Hfootnote=\count268
)
Package hyperref Info: Driver (autodetected): hpdftex.

(c:/texlive/2022/texmf-dist/tex/latex/hyperref/hpdftex.def
File: hpdftex.def 2022-06-20 v7.00s Hyperref driver for pdfTeX

(c:/texlive/2022/texmf-dist/tex/latex/base/atveryend-ltx.sty
Package: atveryend-ltx 2020/08/19 v1.0a Emulation of the original atveryend pac
kage
with kernel methods
)
\Fld@listcount=\count269
\c@bookmark@seq@number=\count270

(c:/texlive/2022/texmf-dist/tex/latex/rerunfilecheck/rerunfilecheck.sty
Package: rerunfilecheck 2022-07-10 v1.10 Rerun checks for auxiliary files (HO)

(c:/texlive/2022/texmf-dist/tex/generic/uniquecounter/uniquecounter.sty
Package: uniquecounter 2019/12/15 v1.4 Provide unlimited unique counter (HO)
)
Package uniquecounter Info: New unique counter `rerunfilecheck' on input line 2
85.
)
\Hy@SectionHShift=\skip49
)
(c:/texlive/2022/texmf-dist/tex/latex/geometry/geometry.sty
Package: geometry 2020/01/02 v5.9 Page Geometry

(c:/texlive/2022/texmf-dist/tex/generic/iftex/ifvtex.sty
Package: ifvtex 2019/10/25 v1.7 ifvtex legacy package. Use iftex instead.
)
\Gm@cnth=\count271
\Gm@cntv=\count272
\c@Gm@tempcnt=\count273
\Gm@bindingoffset=\dimen143
\Gm@wd@mp=\dimen144
\Gm@odd@mp=\dimen145
\Gm@even@mp=\dimen146
\Gm@layoutwidth=\dimen147
\Gm@layoutheight=\dimen148
\Gm@layouthoffset=\dimen149
\Gm@layoutvoffset=\dimen150
\Gm@dimlist=\toks17
)
(c:/texlive/2022/texmf-dist/tex/latex/lm/lmodern.sty
Package: lmodern 2015/05/01 v1.6.1 Latin Modern Fonts
LaTeX Font Info:    Overwriting symbol font `operators' in version `normal'
(Font)                  OT1/cmr/m/n --> OT1/lmr/m/n on input line 22.
LaTeX Font Info:    Overwriting symbol font `letters' in version `normal'
(Font)                  OML/cmm/m/it --> OML/lmm/m/it on input line 23.
LaTeX Font Info:    Overwriting symbol font `symbols' in version `normal'
(Font)                  OMS/cmsy/m/n --> OMS/lmsy/m/n on input line 24.
LaTeX Font Info:    Overwriting symbol font `largesymbols' in version `normal'
(Font)                  OMX/cmex/m/n --> OMX/lmex/m/n on input line 25.
LaTeX Font Info:    Overwriting symbol font `operators' in version `bold'
(Font)                  OT1/cmr/bx/n --> OT1/lmr/bx/n on input line 26.
LaTeX Font Info:    Overwriting symbol font `letters' in version `bold'
(Font)                  OML/cmm/b/it --> OML/lmm/b/it on input line 27.
LaTeX Font Info:    Overwriting symbol font `symbols' in version `bold'
(Font)                  OMS/cmsy/b/n --> OMS/lmsy/b/n on input line 28.
LaTeX Font Info:    Overwriting symbol font `largesymbols' in version `bold'
(Font)                  OMX/cmex/m/n --> OMX/lmex/m/n on input line 29.
LaTeX Font Info:    Overwriting math alphabet `\mathbf' in version `normal'
(Font)                  OT1/cmr/bx/n --> OT1/lmr/bx/n on input line 31.
LaTeX Font Info:    Overwriting math alphabet `\mathsf' in version `normal'
(Font)                  OT1/cmss/m/n --> OT1/lmss/m/n on input line 32.
LaTeX Font Info:    Overwriting math alphabet `\mathit' in version `normal'
(Font)                  OT1/cmr/m/it --> OT1/lmr/m/it on input line 33.
LaTeX Font Info:    Overwriting math alphabet `\mathtt' in version `normal'
(Font)                  OT1/cmtt/m/n --> OT1/lmtt/m/n on input line 34.
LaTeX Font Info:    Overwriting math alphabet `\mathbf' in version `bold'
(Font)                  OT1/cmr/bx/n --> OT1/lmr/bx/n on input line 35.
LaTeX Font Info:    Overwriting math alphabet `\mathsf' in version `bold'
(Font)                  OT1/cmss/bx/n --> OT1/lmss/bx/n on input line 36.
LaTeX Font Info:    Overwriting math alphabet `\mathit' in version `bold'
(Font)                  OT1/cmr/bx/it --> OT1/lmr/bx/it on input line 37.
LaTeX Font Info:    Overwriting math alphabet `\mathtt' in version `bold'
(Font)                  OT1/cmtt/m/n --> OT1/lmtt/m/n on input line 38.
)
(c:/texlive/2022/texmf-dist/tex/latex/fixcmex/fixcmex.sty
Package: fixcmex 2019/08/05 v1.1 Scalable math extensions font (Enrico Gregorio
)
)
(c:/texlive/2022/texmf-dist/tex/latex/etoolbox/etoolbox.sty
Package: etoolbox 2020/10/05 v2.5k e-TeX tools for LaTeX (JAW)
\etb@tempcnta=\count274
)
(c:/texlive/2022/texmf-dist/tex/latex/graphics/graphicx.sty
Package: graphicx 2021/09/16 v1.2d Enhanced LaTeX Graphics (DPC,SPQR)

(c:/texlive/2022/texmf-dist/tex/latex/graphics/graphics.sty
Package: graphics 2022/03/10 v1.4e Standard LaTeX Graphics (DPC,SPQR)

(c:/texlive/2022/texmf-dist/tex/latex/graphics/trig.sty
Package: trig 2021/08/11 v1.11 sin cos tan (DPC)
)
(c:/texlive/2022/texmf-dist/tex/latex/graphics-cfg/graphics.cfg
File: graphics.cfg 2016/06/04 v1.11 sample graphics configuration
)
Package graphics Info: Driver file: pdftex.def on input line 107.

(c:/texlive/2022/texmf-dist/tex/latex/graphics-def/pdftex.def
File: pdftex.def 2020/10/05 v1.2a Graphics/color driver for pdftex
))
\Gin@req@height=\dimen151
\Gin@req@width=\dimen152
))
(c:/texlive/2022/texmf-dist/tex/latex/base/fontenc.sty
Package: fontenc 2021/04/29 v2.0v Standard LaTeX package
LaTeX Font Info:    Trying to load font information for T1+lmr on input line 11
2.

(c:/texlive/2022/texmf-dist/tex/latex/lm/t1lmr.fd
File: t1lmr.fd 2015/05/01 v1.6.1 Font defs for Latin Modern
)<<t1.cmap>>)
(c:/texlive/2022/texmf-dist/tex/generic/babel/babel.sty
Package: babel 2022/08/29 3.79 The Babel package
\babel@savecnt=\count275
\U@D=\dimen153
\l@unhyphenated=\language87

(c:/texlive/2022/texmf-dist/tex/generic/babel/txtbabel.def)
\bbl@readstream=\read2
\bbl@dirlevel=\count276

(c:/texlive/2022/texmf-dist/tex/generic/babel-hungarian/magyar.ldf
Language: magyar 2019/01/14 v1.5c Magyar (Hungarian) support for babel
\c@enumv=\count277
Package babel Info: Making ; an active character on input line 2791.
Package babel Info: Making ! an active character on input line 2793.
Package babel Info: Making ? an active character on input line 2799.
Package babel Info: Making : an active character on input line 2801.
Package babel Info: Making ` an active character on input line 2819.
\c@footnote@add=\count278
\c@footnote@ch=\count279
))
(c:/texlive/2022/texmf-dist/tex/generic/babel/locale/hu/babel-magyar.tex
Package babel Info: Importing font and identification data for magyar
(babel)             from babel-hu.ini. Reported on input line 11.
)
(c:/texlive/2022/texmf-dist/tex/latex/mathtools/mathtools.sty
Package: mathtools 2022/06/29 v1.29 mathematical typesetting tools

(c:/texlive/2022/texmf-dist/tex/latex/tools/calc.sty
Package: calc 2017/05/25 v4.3 Infix arithmetic (KKT,FJ)
\calc@Acount=\count280
\calc@Bcount=\count281
\calc@Adimen=\dimen154
\calc@Bdimen=\dimen155
\calc@Askip=\skip50
\calc@Bskip=\skip51
LaTeX Info: Redefining \setlength on input line 80.
LaTeX Info: Redefining \addtolength on input line 81.
\calc@Ccount=\count282
\calc@Cskip=\skip52
)
(c:/texlive/2022/texmf-dist/tex/latex/mathtools/mhsetup.sty
Package: mhsetup 2021/03/18 v1.4 programming setup (MH)
)
(c:/texlive/2022/texmf-dist/tex/latex/amsmath/amsmath.sty
Package: amsmath 2022/04/08 v2.17n AMS math features
\@mathmargin=\skip53

For additional information on amsmath, use the `?' option.
(c:/texlive/2022/texmf-dist/tex/latex/amsmath/amstext.sty
Package: amstext 2021/08/26 v2.01 AMS text

(c:/texlive/2022/texmf-dist/tex/latex/amsmath/amsgen.sty
File: amsgen.sty 1999/11/30 v2.0 generic functions
\@emptytoks=\toks18
\ex@=\dimen156
))
(c:/texlive/2022/texmf-dist/tex/latex/amsmath/amsbsy.sty
Package: amsbsy 1999/11/29 v1.2d Bold Symbols
\pmbraise@=\dimen157
)
(c:/texlive/2022/texmf-dist/tex/latex/amsmath/amsopn.sty
Package: amsopn 2022/04/08 v2.04 operator names
)
\inf@bad=\count283
LaTeX Info: Redefining \frac on input line 234.
\uproot@=\count284
\leftroot@=\count285
LaTeX Info: Redefining \overline on input line 399.
LaTeX Info: Redefining \colon on input line 410.
\classnum@=\count286
\DOTSCASE@=\count287
LaTeX Info: Redefining \ldots on input line 496.
LaTeX Info: Redefining \dots on input line 499.
LaTeX Info: Redefining \cdots on input line 620.
\Mathstrutbox@=\box51
\strutbox@=\box52
LaTeX Info: Redefining \big on input line 722.
LaTeX Info: Redefining \Big on input line 723.
LaTeX Info: Redefining \bigg on input line 724.
LaTeX Info: Redefining \Bigg on input line 725.
\big@size=\dimen158
LaTeX Font Info:    Redeclaring font encoding OML on input line 743.
LaTeX Font Info:    Redeclaring font encoding OMS on input line 744.
\macc@depth=\count288
LaTeX Info: Redefining \bmod on input line 905.
LaTeX Info: Redefining \pmod on input line 910.
LaTeX Info: Redefining \smash on input line 940.
LaTeX Info: Redefining \relbar on input line 970.
LaTeX Info: Redefining \Relbar on input line 971.
\c@MaxMatrixCols=\count289
\dotsspace@=\muskip17
\c@parentequation=\count290
\dspbrk@lvl=\count291
\tag@help=\toks19
\row@=\count292
\column@=\count293
\maxfields@=\count294
\andhelp@=\toks20
\eqnshift@=\dimen159
\alignsep@=\dimen160
\tagshift@=\dimen161
\tagwidth@=\dimen162
\totwidth@=\dimen163
\lineht@=\dimen164
\@envbody=\toks21
\multlinegap=\skip54
\multlinetaggap=\skip55
\mathdisplay@stack=\toks22
LaTeX Info: Redefining \[ on input line 2953.
LaTeX Info: Redefining \] on input line 2954.
)
\g_MT_multlinerow_int=\count295
\l_MT_multwidth_dim=\dimen165
\origjot=\skip56
\l_MT_shortvdotswithinadjustabove_dim=\dimen166
\l_MT_shortvdotswithinadjustbelow_dim=\dimen167
\l_MT_above_intertext_sep=\dimen168
\l_MT_below_intertext_sep=\dimen169
\l_MT_above_shortintertext_sep=\dimen170
\l_MT_below_shortintertext_sep=\dimen171
\xmathstrut@box=\box53
\xmathstrut@dim=\dimen172
)
(c:/texlive/2022/texmf-dist/tex/latex/amsfonts/amssymb.sty
Package: amssymb 2013/01/14 v3.01 AMS font symbols

(c:/texlive/2022/texmf-dist/tex/latex/amsfonts/amsfonts.sty
Package: amsfonts 2013/01/14 v3.01 Basic AMSFonts support
\symAMSa=\mathgroup4
\symAMSb=\mathgroup5
LaTeX Font Info:    Redeclaring math symbol \hbar on input line 98.
LaTeX Font Info:    Overwriting math alphabet `\mathfrak' in version `bold'
(Font)                  U/euf/m/n --> U/euf/b/n on input line 106.
))
(c:/texlive/2022/texmf-dist/tex/latex/amscls/amsthm.sty
Package: amsthm 2020/05/29 v2.20.6
\thm@style=\toks23
\thm@bodyfont=\toks24
\thm@headfont=\toks25
\thm@notefont=\toks26
\thm@headpunct=\toks27
\thm@preskip=\skip57
\thm@postskip=\skip58
\thm@headsep=\skip59
\dth@everypar=\toks28
)
(c:/texlive/2022/texmf-dist/tex/latex/pdfpages/pdfpages.sty
Package: pdfpages 2022/05/22 v0.5v Insert pages of external PDF documents (AM)

(c:/texlive/2022/texmf-dist/tex/latex/base/ifthen.sty
Package: ifthen 2022/04/13 v1.1d Standard LaTeX ifthen package (DPC)
)
(c:/texlive/2022/texmf-dist/tex/latex/eso-pic/eso-pic.sty
Package: eso-pic 2020/10/14 v3.0a eso-pic (RN)
\ESO@tempdima=\dimen173
\ESO@tempdimb=\dimen174

(c:/texlive/2022/texmf-dist/tex/latex/xcolor/xcolor.sty
Package: xcolor 2022/06/12 v2.14 LaTeX color extensions (UK)

(c:/texlive/2022/texmf-dist/tex/latex/graphics-cfg/color.cfg
File: color.cfg 2016/01/02 v1.6 sample color configuration
)
Package xcolor Info: Driver file: pdftex.def on input line 227.

(c:/texlive/2022/texmf-dist/tex/latex/graphics/mathcolor.ltx)
Package xcolor Info: Model `cmy' substituted by `cmy0' on input line 1353.
Package xcolor Info: Model `hsb' substituted by `rgb' on input line 1357.
Package xcolor Info: Model `RGB' extended on input line 1369.
Package xcolor Info: Model `HTML' substituted by `rgb' on input line 1371.
Package xcolor Info: Model `Hsb' substituted by `hsb' on input line 1372.
Package xcolor Info: Model `tHsb' substituted by `hsb' on input line 1373.
Package xcolor Info: Model `HSB' substituted by `hsb' on input line 1374.
Package xcolor Info: Model `Gray' substituted by `gray' on input line 1375.
Package xcolor Info: Model `wave' substituted by `hsb' on input line 1376.
))
\AM@pagewidth=\dimen175
\AM@pageheight=\dimen176
\AM@fboxrule=\dimen177

(c:/texlive/2022/texmf-dist/tex/latex/pdfpages/pppdftex.def
File: pppdftex.def 2022/05/22 v0.5v Pdfpages driver for pdfTeX (AM)
)
\pdfpages@includegraphics@status=\count296
\AM@pagebox=\box54
\AM@global@opts=\toks29
\AM@pagecnt=\count297
\AM@toc@title=\toks30
\c@AM@survey=\count298
\AM@templatesizebox=\box55
)
\c@tetel=\count299

(c:/texlive/2022/texmf-dist/tex/latex/listings/listings.sty
\lst@mode=\count300
\lst@gtempboxa=\box56
\lst@token=\toks31
\lst@length=\count301
\lst@currlwidth=\dimen178
\lst@column=\count302
\lst@pos=\count303
\lst@lostspace=\dimen179
\lst@width=\dimen180
\lst@newlines=\count304
\lst@lineno=\count305
\lst@maxwidth=\dimen181

(c:/texlive/2022/texmf-dist/tex/latex/listings/lstmisc.sty
File: lstmisc.sty 2020/03/24 1.8d (Carsten Heinz)
\c@lstnumber=\count306
\lst@skipnumbers=\count307
\lst@framebox=\box57
)
(c:/texlive/2022/texmf-dist/tex/latex/listings/listings.cfg
File: listings.cfg 2020/03/24 1.8d listings configuration
))
Package: listings 2020/03/24 1.8d (Carsten Heinz)

(c:/texlive/2022/texmf-dist/tex/latex/caption/caption.sty
Package: caption 2022/03/01 v3.6b Customizing captions (AR)

(c:/texlive/2022/texmf-dist/tex/latex/caption/caption3.sty
Package: caption3 2022/03/17 v2.3b caption3 kernel (AR)
\caption@tempdima=\dimen182
\captionmargin=\dimen183
\caption@leftmargin=\dimen184
\caption@rightmargin=\dimen185
\caption@width=\dimen186
\caption@indent=\dimen187
\caption@parindent=\dimen188
\caption@hangindent=\dimen189
Package caption Info: Standard document class detected.
Package caption Info: hungarian babel package is loaded.
)
\c@caption@flags=\count308
\c@continuedfloat=\count309
Package caption Info: hungarian babel package is loaded.
Package caption Info: hyperref package is loaded.
Package caption Info: listings package is loaded.
)
(c:/texlive/2022/texmf-dist/tex/latex/listings/lstlang1.sty
File: lstlang1.sty 2020/03/24 1.8d listings language file
)
(c:/texlive/2022/texmf-dist/tex/latex/listings/lstlang2.sty
File: lstlang2.sty 2020/03/24 1.8d listings language file
)
(c:/texlive/2022/texmf-dist/tex/latex/upquote/upquote.sty
Package: upquote 2012/04/19 v1.3 upright-quote and grave-accent glyphs in verba
tim

(c:/texlive/2022/texmf-dist/tex/latex/base/textcomp.sty
Package: textcomp 2020/02/02 v2.0n Standard LaTeX package
))
(c:/texlive/2022/texmf-dist/tex/latex/l3backend/l3backend-pdftex.def
File: l3backend-pdftex.def 2022-08-30 L3 backend support: PDF output (pdfTeX)
\l__color_backend_stack_int=\count310
\l__pdf_internal_box=\box58
)
(./main.aux)
\openout1 = `main.aux'.

LaTeX Font Info:    Checking defaults for OML/cmm/m/it on input line 49.
LaTeX Font Info:    ... okay on input line 49.
LaTeX Font Info:    Checking defaults for OMS/cmsy/m/n on input line 49.
LaTeX Font Info:    ... okay on input line 49.
LaTeX Font Info:    Checking defaults for OT1/cmr/m/n on input line 49.
LaTeX Font Info:    ... okay on input line 49.
LaTeX Font Info:    Checking defaults for T1/cmr/m/n on input line 49.
LaTeX Font Info:    ... okay on input line 49.
LaTeX Font Info:    Checking defaults for TS1/cmr/m/n on input line 49.
LaTeX Font Info:    ... okay on input line 49.
LaTeX Font Info:    Checking defaults for OMX/cmex/m/n on input line 49.
LaTeX Font Info:    ... okay on input line 49.
LaTeX Font Info:    Checking defaults for U/cmr/m/n on input line 49.
LaTeX Font Info:    ... okay on input line 49.
LaTeX Font Info:    Checking defaults for PD1/pdf/m/n on input line 49.
LaTeX Font Info:    ... okay on input line 49.
LaTeX Font Info:    Checking defaults for PU/pdf/m/n on input line 49.
LaTeX Font Info:    ... okay on input line 49.
Package hyperref Info: Link coloring OFF on input line 49.
 (./main.out) (./main.out)
\@outlinefile=\write3
\openout3 = `main.out'.


*geometry* driver: auto-detecting
*geometry* detected driver: pdftex
*geometry* verbose mode - [ preamble ] result:
* driver: pdftex
* paper: a4paper
* layout: <same size as paper>
* layoutoffset:(h,v)=(0.0pt,0.0pt)
* modes: 
* h-part:(L,W,R)=(85.35826pt, 441.01773pt, 71.13188pt)
* v-part:(T,H,B)=(71.13188pt, 702.78308pt, 71.13188pt)
* \paperwidth=597.50787pt
* \paperheight=845.04684pt
* \textwidth=441.01773pt
* \textheight=702.78308pt
* \oddsidemargin=13.08827pt
* \evensidemargin=13.08827pt
* \topmargin=-38.1381pt
* \headheight=12.0pt
* \headsep=25.0pt
* \topskip=12.0pt
* \footskip=30.0pt
* \marginparwidth=44.0pt
* \marginparsep=10.0pt
* \columnsep=10.0pt
* \skip\footins=10.8pt plus 4.0pt minus 2.0pt
* \hoffset=0.0pt
* \voffset=0.0pt
* \mag=1000
* \@twocolumnfalse
* \@twosidefalse
* \@mparswitchfalse
* \@reversemarginfalse
* (1in=72.27pt=25.4mm, 1cm=28.453pt)

LaTeX Font Info:    Trying to load font information for OT1+lmr on input line 4
9.
(c:/texlive/2022/texmf-dist/tex/latex/lm/ot1lmr.fd
File: ot1lmr.fd 2015/05/01 v1.6.1 Font defs for Latin Modern
)<<ot1.cmap>>
LaTeX Font Info:    Trying to load font information for OML+lmm on input line 4
9.

(c:/texlive/2022/texmf-dist/tex/latex/lm/omllmm.fd
File: omllmm.fd 2015/05/01 v1.6.1 Font defs for Latin Modern
)<<oml.cmap>>
LaTeX Font Info:    Trying to load font information for OMS+lmsy on input line 
49.

(c:/texlive/2022/texmf-dist/tex/latex/lm/omslmsy.fd
File: omslmsy.fd 2015/05/01 v1.6.1 Font defs for Latin Modern
)<<oms.cmap>>
LaTeX Font Info:    Trying to load font information for OMX+lmex on input line 
49.

(c:/texlive/2022/texmf-dist/tex/latex/lm/omxlmex.fd
File: omxlmex.fd 2015/05/01 v1.6.1 Font defs for Latin Modern
)
LaTeX Font Info:    External font `lmex10' loaded for size
(Font)              <12> on input line 49.
<<omx.cmap>>
LaTeX Font Info:    External font `lmex10' loaded for size
(Font)              <8> on input line 49.
LaTeX Font Info:    External font `lmex10' loaded for size
(Font)              <6> on input line 49.
LaTeX Font Info:    Trying to load font information for U+msa on input line 49.


(c:/texlive/2022/texmf-dist/tex/latex/amsfonts/umsa.fd
File: umsa.fd 2013/01/14 v3.01 AMS symbols A
)
LaTeX Font Info:    Trying to load font information for U+msb on input line 49.


(c:/texlive/2022/texmf-dist/tex/latex/amsfonts/umsb.fd
File: umsb.fd 2013/01/14 v3.01 AMS symbols B
)
LaTeX Font Info:    Overwriting symbol font `largesymbols' in version `normal'
(Font)                  OMX/lmex/m/n --> OMX/cmex/m/n on input line 49.
LaTeX Font Info:    Overwriting symbol font `largesymbols' in version `bold'
(Font)                  OMX/lmex/m/n --> OMX/cmex/m/n on input line 49.

(c:/texlive/2022/texmf-dist/tex/context/base/mkii/supp-pdf.mkii
[Loading MPS to PDF converter (version 2006.09.02).]
\scratchcounter=\count311
\scratchdimen=\dimen190
\scratchbox=\box59
\nofMPsegments=\count312
\nofMParguments=\count313
\everyMPshowfont=\toks32
\MPscratchCnt=\count314
\MPscratchDim=\dimen191
\MPnumerator=\count315
\makeMPintoPDFobject=\count316
\everyMPtoPDFconversion=\toks33
) (c:/texlive/2022/texmf-dist/tex/latex/epstopdf-pkg/epstopdf-base.sty
Package: epstopdf-base 2020-01-24 v2.11 Base part for package epstopdf
Package epstopdf-base Info: Redefining graphics rule for `.eps' on input line 4
85.

(c:/texlive/2022/texmf-dist/tex/latex/latexconfig/epstopdf-sys.cfg
File: epstopdf-sys.cfg 2010/07/13 v1.3 Configuration of (r)epstopdf for TeX Liv
e
))
(c:/texlive/2022/texmf-dist/tex/latex/pdflscape/pdflscape.sty
Package: pdflscape 2019/12/05 v0.12 Display of landscape pages in PDF (HO)

(c:/texlive/2022/texmf-dist/tex/latex/graphics/lscape.sty
Package: lscape 2020/05/28 v3.02 Landscape Pages (DPC)
)
Package pdflscape Info: Auto-detected driver: pdftex on input line 81.
)
\c@lstlisting=\count317
Package caption Info: Begin \AtBeginDocument code.
Package caption Info: End \AtBeginDocument code.

(c:/texlive/2022/texmf-dist/tex/latex/base/report.cls
LaTeX Info: Redefining \cal on input line 577.
LaTeX Info: Redefining \mit on input line 578.
)
<eszterhazy-logo-hu.pdf, id=246, 256.07971pt x 88.04292pt>
File: eszterhazy-logo-hu.pdf Graphic file (type pdf)
<use eszterhazy-logo-hu.pdf>
Package pdftex.def Info: eszterhazy-logo-hu.pdf  used on input line 56.
(pdftex.def)             Requested size: 256.07907pt x 88.0427pt.
 [1


{c:/texlive/2022/texmf-var/fonts/map/pdftex/updmap/pdftex.map} <c:/texlive/2022
/texmf-dist/tex/latex/thesis-ekf/eszterhazy-logo-hu.pdf>] (./main.toc [2

])
\tf@toc=\write4
\openout4 = `main.toc'.

 [3]
<index_page.png, id=329, 1848.9075pt x 890.32625pt>
File: index_page.png Graphic file (type png)
<use index_page.png>
Package pdftex.def Info: index_page.png  used on input line 68.
(pdftex.def)             Requested size: 426.79134pt x 205.51791pt.
 [4

 <./index_page.png (PNG copy)>] [5]
1. fejezet.
[6

] [7] [8]
2. fejezet.
[9

] [10] [11]
3. fejezet.
<Vizsgaztato.png, id=391, 1829.83624pt x 1364.09625pt>
File: Vizsgaztato.png Graphic file (type png)
<use Vizsgaztato.png>
Package pdftex.def Info: Vizsgaztato.png  used on input line 166.
(pdftex.def)             Requested size: 426.79134pt x 318.1482pt.
<Kurzusok_db_1.png, id=394, 933.4875pt x 683.55376pt>
File: Kurzusok_db_1.png Graphic file (type png)
<use Kurzusok_db_1.png>
Package pdftex.def Info: Kurzusok_db_1.png  used on input line 175.
(pdftex.def)             Requested size: 426.79134pt x 312.5194pt.
<Kurzusok_db_2.png, id=395, 1518.67375pt x 804.00375pt>
File: Kurzusok_db_2.png Graphic file (type png)
<use Kurzusok_db_2.png>
Package pdftex.def Info: Kurzusok_db_2.png  used on input line 179.
(pdftex.def)             Requested size: 426.79134pt x 225.94148pt.
[12

 <./Vizsgaztato.png>] [13 <./Kurzusok_db_1.png (PNG copy)> <./Kurzusok_db_2.png
 (PNG copy)>]
LaTeX Font Info:    Trying to load font information for TS1+lmr on input line 2
07.
 (c:/texlive/2022/texmf-dist/tex/latex/lm/ts1lmr.fd
File: ts1lmr.fd 2015/05/01 v1.6.1 Font defs for Latin Modern
) [14]
<Vizsgaztato_csoportok.png, id=414, 1134.2375pt x 807.015pt>
File: Vizsgaztato_csoportok.png Graphic file (type png)
<use Vizsgaztato_csoportok.png>
Package pdftex.def Info: Vizsgaztato_csoportok.png  used on input line 224.
(pdftex.def)             Requested size: 426.79134pt x 303.66426pt.

[15 <./Vizsgaztato_csoportok.png (PNG copy)>] [16]
4. fejezet.
Package hyperref Info: bookmark level for unknown lstlisting defaults to 0 on i
nput line 254.
LaTeX Font Info:    Trying to load font information for T1+lmtt on input line 2
54.
(c:/texlive/2022/texmf-dist/tex/latex/lm/t1lmtt.fd
File: t1lmtt.fd 2015/05/01 v1.6.1 Font defs for Latin Modern
) (./migration.php
LaTeX Font Info:    Trying to load font information for TS1+lmtt on input line 
3.

(c:/texlive/2022/texmf-dist/tex/latex/lm/ts1lmtt.fd
File: ts1lmtt.fd 2015/05/01 v1.6.1 Font defs for Latin Modern
) [17

]) [18]
(./EagerLoadingExample.php) (./LazyEagerLoadingExample.php) [19] [20] [21]
[22] (./EchoStatement.php) (./BladeIfDirectiveExample.php [23])
(./app_example.blade.php) (./view_example.blade.php) [24] [25]
Overfull \hbox (11.22118pt too wide) in paragraph at lines 412--413
[]\T1/lmr/m/n/12 Az al-kal-ma-zá-sunk be-je-lent-ke-zett fel-hasz-ná-ló-i-nak e
l-éré-sé-re ka-punk egy hel-per function-
 []

(./web.php) [26] (./DeleteTestPolicy_example.php) (./DeleteTest_example.php)
[27] [28] [29] [30] (./Sortable_Example.php) [31] (./Livewire_validation.php)
[32]
5. fejezet.
<Groups.index.png, id=628, 1868.9825pt x 784.9325pt>
File: Groups.index.png Graphic file (type png)
<use Groups.index.png>
Package pdftex.def Info: Groups.index.png  used on input line 521.
(pdftex.def)             Requested size: 426.79134pt x 179.23715pt.
[33

 <./Groups.index.png (PNG copy)>]
<Groups.join.requests.png, id=634, 1874.00125pt x 331.2375pt>
File: Groups.join.requests.png Graphic file (type png)
<use Groups.join.requests.png>
Package pdftex.def Info: Groups.join.requests.png  used on input line 535.
(pdftex.def)             Requested size: 426.79134pt x 75.43498pt.
<Groups.show.png, id=636, 1852.9225pt x 891.33pt>
File: Groups.show.png Graphic file (type png)
<use Groups.show.png>
Package pdftex.def Info: Groups.show.png  used on input line 543.
(pdftex.def)             Requested size: 426.79134pt x 205.3008pt.
<Group.chat.png, id=637, 1160.335pt x 634.37pt>
File: Group.chat.png Graphic file (type png)
<use Group.chat.png>
Package pdftex.def Info: Group.chat.png  used on input line 558.
(pdftex.def)             Requested size: 426.79134pt x 233.32903pt.
 [34 <./Groups.join.requests.png (PNG copy)>] [35 <./Groups.show.png (PNG copy)
> <./Group.chat.png (PNG copy)>] [36]
6. fejezet.
<Courses.show.png, id=658, 1854.93pt x 891.33pt>
File: Courses.show.png Graphic file (type png)
<use Courses.show.png>
Package pdftex.def Info: Courses.show.png  used on input line 578.
(pdftex.def)             Requested size: 426.79134pt x 205.08319pt.
[37

 <./Courses.show.png (PNG copy)>]
<Modules.edit.png, id=665, 1721.43124pt x 808.01875pt>
File: Modules.edit.png Graphic file (type png)
<use Modules.edit.png>
Package pdftex.def Info: Modules.edit.png  used on input line 589.
(pdftex.def)             Requested size: 426.79134pt x 200.3274pt.
<Modules.show.png, id=666, 1396.21625pt x 510.90875pt>
File: Modules.show.png Graphic file (type png)
<use Modules.show.png>
Package pdftex.def Info: Modules.show.png  used on input line 595.
(pdftex.def)             Requested size: 426.79134pt x 156.17384pt.
 [38 <./Modules.edit.png (PNG copy)> <./Modules.show.png (PNG copy)>]
7. fejezet.
[39

]
<Test.create.png, id=677, 1855.93375pt x 841.1425pt>
File: Test.create.png Graphic file (type png)
<use Test.create.png>
Package pdftex.def Info: Test.create.png  used on input line 619.
(pdftex.def)             Requested size: 426.79134pt x 193.4202pt.
 [40 <./Test.create.png (PNG copy)>] [41] [42]
<Test.write.png, id=693, 1875.005pt x 898.35625pt>
File: Test.write.png Graphic file (type png)
<use Test.write.png>
Package pdftex.def Info: Test.write.png  used on input line 668.
(pdftex.def)             Requested size: 426.79134pt x 204.47917pt.
 [43 <./Test.write.png (PNG copy)>]
8. fejezet.

Overfull \hbox (11.10054pt too wide) in paragraph at lines 687--688
\T1/lmr/m/n/12 val, aki-nek a fel-hasz-ná-ló-ne-ve a pa-ra-mé-ter-ben meg-adott
 ér-ték-nek meg-fe-lel. Amennyi-
 []

[44

] (./Cypress_test_example.cy.js) [45]
9. fejezet.

Overfull \hbox (0.22148pt too wide) in paragraph at lines 701--702
[]\T1/lmr/m/n/12 Kétféleképpen sze-re-pel a pro-jekt-ben, a Laravel-b®l[[]] ki-
vál-tott ab-la-kok a composer-
 []

[46

]
Overfull \hbox (1.04427pt too wide) in paragraph at lines 716--717
\T1/lmr/m/n/12 össze-ál-lí-tá-sá-hoz (be-kez-dé-sek, be-t¶-mé-ret, ki-eme-lé-se
k, lis-ták hasz-ná-la-ta, táb-lá-za-tok, You-
 []


Overfull \hbox (1.52504pt too wide) in paragraph at lines 720--721
[]\T1/lmr/m/n/12 Mivel a szer-kesz-tett szö-ve-get Hypertext-ként tá-rol-ja egy
 \T1/lmr/m/it/12 tex-ta-rea\T1/lmr/m/n/12 -n be-lül, így könnye-
 []

[47]
<Mailtrap_register.png, id=743, 485.815pt x 433.62pt>
File: Mailtrap_register.png Graphic file (type png)
<use Mailtrap_register.png>
Package pdftex.def Info: Mailtrap_register.png  used on input line 735.
(pdftex.def)             Requested size: 284.52756pt x 253.9545pt.
<Mailtrap_kick.png, id=744, 488.82625pt x 276.03125pt>
File: Mailtrap_kick.png Graphic file (type png)
<use Mailtrap_kick.png>
Package pdftex.def Info: Mailtrap_kick.png  used on input line 741.
(pdftex.def)             Requested size: 284.52756pt x 160.67104pt.
 [48] [49 <./Mailtrap_register.png (PNG copy)> <./Mailtrap_kick.png (PNG copy)>
]
10. fejezet.
[50

] [51] [52

] [53

] [54] [55]
<nyilatkozat.pdf, id=857, 602.65152pt x 794.97pt>
File: nyilatkozat.pdf Graphic file (type pdf)
<use nyilatkozat.pdf>
Package pdftex.def Info: nyilatkozat.pdf  used on input line 984.
(pdftex.def)             Requested size: 602.65004pt x 794.96806pt.
File: nyilatkozat.pdf Graphic file (type pdf)
<use nyilatkozat.pdf>
Package pdftex.def Info: nyilatkozat.pdf  used on input line 984.
(pdftex.def)             Requested size: 602.65004pt x 794.96806pt.
<nyilatkozat.pdf, id=860, page=1, 602.65152pt x 794.97pt>
File: nyilatkozat.pdf Graphic file (type pdf)
<use nyilatkozat.pdf, page 1>
Package pdftex.def Info: nyilatkozat.pdf , page1 used on input line 984.
(pdftex.def)             Requested size: 602.65004pt x 794.96806pt.
File: nyilatkozat.pdf Graphic file (type pdf)
<use nyilatkozat.pdf, page 1>
Package pdftex.def Info: nyilatkozat.pdf , page1 used on input line 984.
(pdftex.def)             Requested size: 598.14413pt x 789.02423pt.
 [56]
File: nyilatkozat.pdf Graphic file (type pdf)
<use nyilatkozat.pdf, page 1>
Package pdftex.def Info: nyilatkozat.pdf , page1 used on input line 984.
(pdftex.def)             Requested size: 598.14413pt x 789.02423pt.
File: nyilatkozat.pdf Graphic file (type pdf)
<use nyilatkozat.pdf, page 1>
Package pdftex.def Info: nyilatkozat.pdf , page1 used on input line 984.
(pdftex.def)             Requested size: 598.14413pt x 789.02423pt.
File: nyilatkozat.pdf Graphic file (type pdf)
<use nyilatkozat.pdf, page 1>
Package pdftex.def Info: nyilatkozat.pdf , page1 used on input line 984.
(pdftex.def)             Requested size: 598.14413pt x 789.02423pt.
 [57 <./nyilatkozat.pdf>] (./main.aux)
Package rerunfilecheck Info: File `main.out' has not changed.
(rerunfilecheck)             Checksum: 77ACBCFA41A42B3D87B399DED5659054;10610.
 ) 
Here is how much of TeX's memory you used:
 20657 strings out of 475075
 335452 string characters out of 5783001
 1027329 words of memory out of 5000000
 41350 multiletter control sequences out of 15000+600000
 555194 words of font info for 98 fonts, out of 8000000 for 9000
 1141 hyphenation exceptions out of 8191
 75i,17n,81p,1035b,3869s stack positions out of 10000i,1000n,20000p,200000b,200000s
{c:/texlive/2022/texmf-dist/fonts/enc/dvips/lm/lm-ec.enc}{c:/texlive/2022/tex
mf-dist/fonts/enc/dvips/lm/lm-mathsy.enc}{c:/texlive/2022/texmf-dist/fonts/enc/
dvips/lm/lm-mathit.enc}{c:/texlive/2022/texmf-dist/fonts/enc/dvips/lm/lm-ts1.en
c}<c:/texlive/2022/texmf-dist/fonts/type1/public/lm/lmbx12.pfb><c:/texlive/2022
/texmf-dist/fonts/type1/public/lm/lmbxi10.pfb><c:/texlive/2022/texmf-dist/fonts
/type1/public/lm/lmcsc10.pfb><c:/texlive/2022/texmf-dist/fonts/type1/public/lm/
lmmi10.pfb><c:/texlive/2022/texmf-dist/fonts/type1/public/lm/lmr10.pfb><c:/texl
ive/2022/texmf-dist/fonts/type1/public/lm/lmr12.pfb><c:/texlive/2022/texmf-dist
/fonts/type1/public/lm/lmr7.pfb><c:/texlive/2022/texmf-dist/fonts/type1/public/
lm/lmr8.pfb><c:/texlive/2022/texmf-dist/fonts/type1/public/lm/lmri12.pfb><c:/te
xlive/2022/texmf-dist/fonts/type1/public/lm/lmsy10.pfb><c:/texlive/2022/texmf-d
ist/fonts/type1/public/lm/lmtt10.pfb><c:/texlive/2022/texmf-dist/fonts/type1/pu
blic/lm/lmtt12.pfb>
Output written on main.pdf (57 pages, 1627229 bytes).
PDF statistics:
 985 PDF objects out of 1000 (max. 8388607)
 874 compressed objects within 9 object streams
 289 named destinations out of 1000 (max. 500000)
 598 words of extra memory for PDF output out of 10000 (max. 10000000)

