\BOOKMARK [0][-]{chapter*.2}{\376\377\000B\000e\000v\000e\000z\000e\000t\000\351\000s}{}% 1
\BOOKMARK [0][-]{chapter.1}{\376\377\0001\000.\000\040\000A\000\040\000h\000a\000s\000o\000n\000l\000\363\000\040\000a\000l\000k\000a\000l\000m\000a\000z\000\341\000s\000o\000k\000r\000\363\000l}{}% 2
\BOOKMARK [1][-]{section.1.1}{\376\377\0001\000.\0001\000.\000\040\000A\000l\000t\000e\000r\000n\000a\000t\000\355\000v\000\341\000k\000\040\000\351\000s\000\040\000j\000e\000l\000l\000e\000m\000z\001\121\000k\000,\000\040\000\351\000s\000z\000r\000e\000v\000\351\000t\000e\000l\000e\000k}{chapter.1}% 3
\BOOKMARK [2][-]{subsection.1.1.1}{\376\377\0001\000.\0001\000.\0001\000.\000\040\000M\000o\000o\000d\000l\000e}{section.1.1}% 4
\BOOKMARK [2][-]{subsection.1.1.2}{\376\377\0001\000.\0001\000.\0002\000.\000\040\000P\000e\000g\000a\000z\000u\000s}{section.1.1}% 5
\BOOKMARK [2][-]{subsection.1.1.3}{\376\377\0001\000.\0001\000.\0003\000.\000\040\000R\000e\000d\000m\000e\000n\000t\000a}{section.1.1}% 6
\BOOKMARK [2][-]{subsection.1.1.4}{\376\377\0001\000.\0001\000.\0004\000.\000\040\000Q\000u\000i\000z\000i\000z\000z}{section.1.1}% 7
\BOOKMARK [1][-]{section.1.2}{\376\377\0001\000.\0002\000.\000\040\000K\000\366\000v\000e\000t\000k\000e\000z\000t\000e\000t\000\351\000s\000e\000k}{chapter.1}% 8
\BOOKMARK [0][-]{chapter.2}{\376\377\0002\000.\000\040\000F\000e\000l\000h\000a\000s\000z\000n\000\341\000l\000t\000\040\000t\000e\000c\000h\000n\000o\000l\000\363\000g\000i\000\341\000k}{}% 9
\BOOKMARK [1][-]{section.2.1}{\376\377\0002\000.\0001\000.\000\040\000L\000a\000r\000a\000v\000e\000l}{chapter.2}% 10
\BOOKMARK [1][-]{section.2.2}{\376\377\0002\000.\0002\000.\000\040\000L\000i\000v\000e\000w\000i\000r\000e}{chapter.2}% 11
\BOOKMARK [1][-]{section.2.3}{\376\377\0002\000.\0003\000.\000\040\000M\000y\000S\000Q\000L}{chapter.2}% 12
\BOOKMARK [1][-]{section.2.4}{\376\377\0002\000.\0004\000.\000\040\000T\000a\000i\000l\000w\000i\000n\000d}{chapter.2}% 13
\BOOKMARK [0][-]{chapter.3}{\376\377\0003\000.\000\040\000A\000d\000a\000t\000b\000\341\000z\000i\000s}{}% 14
\BOOKMARK [1][-]{section.3.1}{\376\377\0003\000.\0001\000.\000\040\000A\000\040\000k\000u\000r\000z\000u\000s\000o\000k\000\040\000f\000e\000l\000\351\000p\000\355\000t\000\351\000s\000e}{chapter.3}% 15
\BOOKMARK [2][-]{subsection.3.1.1}{\376\377\0003\000.\0001\000.\0001\000.\000\040\000K\000u\000r\000z\000u\000s}{section.3.1}% 16
\BOOKMARK [2][-]{subsection.3.1.2}{\376\377\0003\000.\0001\000.\0002\000.\000\040\000M\000o\000d\000u\000l}{section.3.1}% 17
\BOOKMARK [2][-]{subsection.3.1.3}{\376\377\0003\000.\0001\000.\0003\000.\000\040\000T\000e\000s\000z\000t}{section.3.1}% 18
\BOOKMARK [2][-]{subsection.3.1.4}{\376\377\0003\000.\0001\000.\0004\000.\000\040\000V\000i\000z\000s\000g\000a\000\040\000f\000e\000l\000a\000d\000a\000t\000s\000o\000r\000\040\000k\000i\000t\000\366\000l\000t\000\351\000s\000e}{section.3.1}% 19
\BOOKMARK [1][-]{section.3.2}{\376\377\0003\000.\0002\000.\000\040\000A\000\040\000c\000s\000o\000p\000o\000r\000t\000o\000k\000\040\000f\000e\000l\000\351\000p\000\355\000t\000\351\000s\000e}{chapter.3}% 20
\BOOKMARK [0][-]{chapter.4}{\376\377\0004\000.\000\040\000A\000\040\000p\000r\000o\000j\000e\000k\000t\000\040\000m\000e\000g\000v\000a\000l\000\363\000s\000\355\000t\000\341\000s\000a}{}% 21
\BOOKMARK [1][-]{section.4.1}{\376\377\0004\000.\0001\000.\000\040\000A\000\040\000L\000a\000r\000a\000v\000e\000l\000\040\000a\000l\000a\000p\000\040\000m\001\161\000k\000\366\000d\000\351\000s\000e}{chapter.4}% 22
\BOOKMARK [2][-]{subsection.4.1.1}{\376\377\0004\000.\0001\000.\0001\000.\000\040\000M\000i\000g\000r\000a\000t\000i\000o\000n}{section.4.1}% 23
\BOOKMARK [2][-]{subsection.4.1.2}{\376\377\0004\000.\0001\000.\0002\000.\000\040\000M\000o\000d\000e\000l}{section.4.1}% 24
\BOOKMARK [2][-]{subsection.4.1.3}{\376\377\0004\000.\0001\000.\0003\000.\000\040\000N\000+\0001\000\040\000Q\000u\000e\000r\000y\000\040\000P\000r\000o\000b\000l\000e\000m}{section.4.1}% 25
\BOOKMARK [2][-]{subsection.4.1.4}{\376\377\0004\000.\0001\000.\0004\000.\000\040\000C\000o\000n\000t\000r\000o\000l\000l\000e\000r}{section.4.1}% 26
\BOOKMARK [2][-]{subsection.4.1.5}{\376\377\0004\000.\0001\000.\0005\000.\000\040\000R\000e\000f\000a\000k\000t\000o\000r\000\341\000l\000\341\000s\000i\000\040\000k\000\355\000s\000\351\000r\000l\000e\000t\000e\000k}{section.4.1}% 27
\BOOKMARK [2][-]{subsection.4.1.6}{\376\377\0004\000.\0001\000.\0006\000.\000\040\000V\000i\000e\000w\000\040\000\351\000s\000\040\000B\000l\000a\000d\000e\000\040\000f\000\341\000j\000l\000o\000k}{section.4.1}% 28
\BOOKMARK [1][-]{section.4.2}{\376\377\0004\000.\0002\000.\000\040\000A\000u\000t\000e\000n\000t\000i\000k\000\341\000c\000i\000\363}{chapter.4}% 29
\BOOKMARK [2][-]{subsection.4.2.1}{\376\377\0004\000.\0002\000.\0001\000.\000\040\000L\000a\000r\000a\000v\000e\000l\000/\000U\000I}{section.4.2}% 30
\BOOKMARK [2][-]{subsection.4.2.2}{\376\377\0004\000.\0002\000.\0002\000.\000\040\000M\000i\000d\000d\000l\000e\000w\000a\000r\000e}{section.4.2}% 31
\BOOKMARK [2][-]{subsection.4.2.3}{\376\377\0004\000.\0002\000.\0003\000.\000\040\000S\000z\000a\000b\000\341\000l\000y\000z\000a\000t\000o\000k\000\040\000\050\000P\000o\000l\000i\000c\000i\000e\000s\000\051}{section.4.2}% 32
\BOOKMARK [1][-]{section.4.3}{\376\377\0004\000.\0003\000.\000\040\000L\000i\000v\000e\000w\000i\000r\000e\000\040\000m\001\161\000k\000\366\000d\000\351\000s\000\351\000n\000e\000k\000\040\000m\000e\000g\000\351\000r\000t\000\351\000s\000e}{chapter.4}% 33
\BOOKMARK [2][-]{subsection.4.3.1}{\376\377\0004\000.\0003\000.\0001\000.\000\040\000O\000l\000d\000a\000l\000a\000k\000\040\000f\000e\000l\000d\000o\000l\000g\000o\000z\000\341\000s\000a}{section.4.3}% 34
\BOOKMARK [2][-]{subsection.4.3.2}{\376\377\0004\000.\0003\000.\0002\000.\000\040\000T\000u\000l\000a\000j\000d\000o\000n\000s\000\341\000g\000o\000k\000\040\000\050\000P\000r\000o\000p\000e\000r\000t\000i\000e\000s\000\051}{section.4.3}% 35
\BOOKMARK [2][-]{subsection.4.3.3}{\376\377\0004\000.\0003\000.\0003\000.\000\040\000M\001\161\000v\000e\000l\000e\000t\000e\000k\000\040\000\351\000s\000\040\000E\000s\000e\000m\000\351\000n\000y\000e\000k\000\040\000\050\000A\000c\000t\000i\000o\000n\000s\000\040\000\046\000\040\000e\000v\000e\000n\000t\000s\000\051}{section.4.3}% 36
\BOOKMARK [2][-]{subsection.4.3.4}{\376\377\0004\000.\0003\000.\0004\000.\000\040\000S\000o\000r\000t\000a\000b\000l\000e\000\040\000c\000s\000o\000m\000a\000g}{section.4.3}% 37
\BOOKMARK [2][-]{subsection.4.3.5}{\376\377\0004\000.\0003\000.\0005\000.\000\040\000V\000a\000l\000\363\000s\000\040\000i\000d\000e\000j\001\161\000\040\000v\000a\000l\000i\000d\000\341\000c\000i\000\363}{section.4.3}% 38
\BOOKMARK [0][-]{chapter.5}{\376\377\0005\000.\000\040\000A\000\040\000c\000s\000o\000p\000o\000r\000t\000o\000k\000\040\000b\000e\000m\000u\000t\000a\000t\000\341\000s\000a}{}% 39
\BOOKMARK [1][-]{section.5.1}{\376\377\0005\000.\0001\000.\000\040\000F\000e\000l\000h\000a\000s\000z\000n\000\341\000l\000\363\000k\000\040\000h\000o\000z\000z\000\341\000r\000e\000n\000d\000e\000l\000\351\000s\000e\000\040\000a\000\040\000c\000s\000o\000p\000o\000r\000t\000j\000a\000i\000n\000k\000h\000o\000z}{chapter.5}% 40
\BOOKMARK [1][-]{section.5.2}{\376\377\0005\000.\0002\000.\000\040\000F\000e\000l\000h\000a\000s\000z\000n\000\341\000l\000\363\000k\000\040\000e\000l\000t\000\341\000v\000o\000l\000\355\000t\000\341\000s\000a\000\040\000a\000\040\000c\000s\000o\000p\000o\000r\000t\000j\000a\000i\000n\000k\000b\000\363\000l}{chapter.5}% 41
\BOOKMARK [1][-]{section.5.3}{\376\377\0005\000.\0003\000.\000\040\000C\000h\000a\000t\000:\000\040\000P\000u\000s\000h\000e\000r\000\040\000\351\000s\000\040\000E\000c\000h\000o}{chapter.5}% 42
\BOOKMARK [0][-]{chapter.6}{\376\377\0006\000.\000\040\000A\000\040\000k\000u\000r\000z\000o\000s\000o\000k\000\040\000b\000e\000m\000u\000t\000a\000t\000\341\000s\000a}{}% 43
\BOOKMARK [1][-]{section.6.1}{\376\377\0006\000.\0001\000.\000\040\000M\000o\000d\000u\000l\000o\000k}{chapter.6}% 44
\BOOKMARK [0][-]{chapter.7}{\376\377\0007\000.\000\040\000A\000\040\000t\000e\000s\000z\000t\000e\000k\000\040\000f\000e\000l\000\351\000p\000\355\000t\000\351\000s\000e\000\040\000\351\000s\000\040\000k\000i\000t\000\366\000l\000t\000\351\000s\000e}{}% 45
\BOOKMARK [1][-]{section.7.1}{\376\377\0007\000.\0001\000.\000\040\000S\000e\000r\000v\000i\000c\000e\000-\000e\000k}{chapter.7}% 46
\BOOKMARK [1][-]{section.7.2}{\376\377\0007\000.\0002\000.\000\040\000F\000e\000l\000a\000d\000a\000t\000l\000a\000p\000o\000k\000\040\000m\000e\000g\000v\000a\000l\000\363\000s\000\355\000t\000\341\000s\000a}{chapter.7}% 47
\BOOKMARK [1][-]{section.7.3}{\376\377\0007\000.\0003\000.\000\040\000T\000e\000s\000z\000t\000\040\000k\000i\000t\000\366\000l\000t\000\351\000s\000\351\000n\000e\000k\000\040\000f\000o\000l\000y\000a\000m\000a\000t\000a}{chapter.7}% 48
\BOOKMARK [2][-]{subsection.7.3.1}{\376\377\0007\000.\0003\000.\0001\000.\000\040\000K\000v\000\355\000z\000e\000k}{section.7.3}% 49
\BOOKMARK [2][-]{subsection.7.3.2}{\376\377\0007\000.\0003\000.\0002\000.\000\040\000V\000i\000z\000s\000g\000\341\000k}{section.7.3}% 50
\BOOKMARK [0][-]{chapter.8}{\376\377\0008\000.\000\040\000A\000z\000\040\000a\000l\000k\000a\000l\000m\000a\000z\000\341\000s\000\040\000t\000e\000s\000z\000t\000e\000l\000\351\000s\000e}{}% 51
\BOOKMARK [0][-]{chapter.9}{\376\377\0009\000.\000\040\000K\000\374\000l\000s\001\121\000\040\000k\000o\000m\000p\000o\000n\000e\000n\000s\000e\000k\000,\000\040\000t\000e\000c\000h\000n\000o\000l\000\363\000g\000i\000\341\000k}{}% 52
\BOOKMARK [1][-]{section.9.1}{\376\377\0009\000.\0001\000.\000\040\000S\000w\000e\000e\000t\000A\000l\000e\000r\000t}{chapter.9}% 53
\BOOKMARK [1][-]{section.9.2}{\376\377\0009\000.\0002\000.\000\040\000S\000p\000a\000t\000i\000e\000\040\000s\000\374\000t\000i\000\040\000e\000n\000g\000e\000d\000\351\000l\000y\000e\000z\001\121}{chapter.9}% 54
\BOOKMARK [1][-]{section.9.3}{\376\377\0009\000.\0003\000.\000\040\000T\000i\000n\000y\000M\000C\000E}{chapter.9}% 55
\BOOKMARK [1][-]{section.9.4}{\376\377\0009\000.\0004\000.\000\040\000F\000o\000n\000t\000\040\000A\000w\000e\000s\000o\000m\000e}{chapter.9}% 56
\BOOKMARK [1][-]{section.9.5}{\376\377\0009\000.\0005\000.\000\040\000M\000a\000i\000l\000t\000r\000a\000p}{chapter.9}% 57
\BOOKMARK [0][-]{chapter.10}{\376\377\0001\0000\000.\000\040\000T\000e\000l\000e\000p\000\355\000t\000\351\000s\000i\000\040\000\372\000t\000m\000u\000t\000a\000t\000\363}{}% 58
\BOOKMARK [0][-]{chapter*.22}{\376\377\000I\000r\000o\000d\000a\000l\000o\000m\000j\000e\000g\000y\000z\000\351\000k}{}% 59
